<?xml version="1.0" encoding="UTF-8"?>
<!-- Generated by org.testng.reporters.JUnitReportReporter -->
<testsuite hostname="DESKTOP-7NNF0FV" failures="0" tests="7" name="com.ninja.qa.testCases.LoginTest" time="56.747" errors="0" timestamp="2023-03-28T12:58:12 IST" skipped="0">
  <testcase classname="com.ninja.qa.testCases.LoginTest" name="verifyLoginWithValidCredentials" time="8.105"/>
  <system-out/>
  <testcase classname="com.ninja.qa.testCases.LoginTest" name="verifyLoginWithValidCredentials" time="7.932"/>
  <system-out/>
  <testcase classname="com.ninja.qa.testCases.LoginTest" name="verifyLoginWithValidCredentials" time="8.596"/>
  <system-out/>
  <testcase classname="com.ninja.qa.testCases.LoginTest" name="verifyLoginWithInvalidCredentials" time="8.379"/>
  <system-out/>
  <testcase classname="com.ninja.qa.testCases.LoginTest" name="verifyLoginWithInvalidEmailAndValidPassword" time="8.440"/>
  <system-out/>
  <testcase classname="com.ninja.qa.testCases.LoginTest" name="verifyLoginWithValidEmailAndInvalidPassword" time="7.767"/>
  <system-out/>
  <testcase classname="com.ninja.qa.testCases.LoginTest" name="verifyLoginWithoutCredentials" time="7.528"/>
  <system-out/>
</testsuite> <!-- com.ninja.qa.testCases.LoginTest -->
