<?xml version="1.0" encoding="UTF-8"?>
<!-- Generated by org.testng.reporters.JUnitReportReporter -->
<testsuite hostname="DESKTOP-7NNF0FV" failures="0" tests="4" name="com.ninja.qa.testCases.RegisterTest" time="43.164" errors="0" timestamp="2023-03-28T12:58:13 IST" skipped="0">
  <testcase classname="com.ninja.qa.testCases.RegisterTest" name="verifyRegisterAccountWithMandatoryFields" time="13.924"/>
  <system-out/>
  <testcase classname="com.ninja.qa.testCases.RegisterTest" name="verifyRegisterAccountWithAllFields" time="11.248"/>
  <system-out/>
  <testcase classname="com.ninja.qa.testCases.RegisterTest" name="verifyRegisterAccountWithExistingEmail" time="8.941"/>
  <system-out/>
  <testcase classname="com.ninja.qa.testCases.RegisterTest" name="verifyRegisterAccountWithoutFillingDetails" time="9.051"/>
  <system-out/>
</testsuite> <!-- com.ninja.qa.testCases.RegisterTest -->
